This file contains any messages produced by compilers while
running configure, to aid debugging if configure makes a mistake.

It was created by configure, which was
generated by GNU Autoconf 2.59.  Invocation command line was

  $ ./configure 

## --------- ##
## Platform. ##
## --------- ##

hostname = localhost
uname -m = x86_64
uname -r = 3.18.9-hardened
uname -s = Linux
uname -v = #7 SMP Sat May 9 07:50:31 2015

/usr/bin/uname -p = Intel(R) Core(TM) i5-3210M CPU @ 2.50GHz
/bin/uname -X     = unknown

/bin/arch              = unknown
/usr/bin/arch -k       = unknown
/usr/convex/getsysinfo = unknown
hostinfo               = unknown
/bin/machine           = unknown
/usr/bin/oslevel       = unknown
/bin/universe          = unknown

PATH: /usr/local/bin
PATH: /usr/bin
PATH: /bin
PATH: /usr/local/sbin
PATH: /usr/sbin
PATH: /home/twim/.local/bin
PATH: /home/twim/bin
PATH: /home/twim/.shadow/bin


## ----------- ##
## Core tests. ##
## ----------- ##

configure:1315: checking whether to enable maintainer-specific portions of Makefiles
configure:1324: result: no
configure:1333: result: 
configure:1335: result: [1mCHECK: Build Environment[m
configure:1342: checking for built user
configure:1346: result: twim@localhost
configure:1349: checking for built date
configure:1352: result: 24-Jun-2015
configure:1376: checking build system type
configure:1394: result: x86_64-unknown-linux-gnu
configure:1402: checking host system type
configure:1416: result: x86_64-unknown-linux-gnu
configure:1429: checking target system type
configure:1443: result: x86_64-unknown-linux-gnu
configure:1465: result: 
configure:1467: result: [1mCHECK: Build Utilities[m
configure:1537: checking for gcc
configure:1553: found /usr/bin/gcc
configure:1563: result: gcc
configure:1807: checking for C compiler version
configure:1810: gcc --version </dev/null >&5
gcc (Gentoo Hardened 4.8.4 p1.6, pie-0.6.1) 4.8.4
Copyright (C) 2013 Free Software Foundation, Inc.
This is free software; see the source for copying conditions.  There is NO
warranty; not even for MERCHANTABILITY or FITNESS FOR A PARTICULAR PURPOSE.

configure:1813: $? = 0
configure:1815: gcc -v </dev/null >&5
Using built-in specs.
COLLECT_GCC=/usr/x86_64-pc-linux-gnu/gcc-bin/4.8.4/gcc
COLLECT_LTO_WRAPPER=/usr/libexec/gcc/x86_64-pc-linux-gnu/4.8.4/lto-wrapper
Target: x86_64-pc-linux-gnu
Configured with: /var/tmp/portage/sys-devel/gcc-4.8.4/work/gcc-4.8.4/configure --host=x86_64-pc-linux-gnu --build=x86_64-pc-linux-gnu --prefix=/usr --bindir=/usr/x86_64-pc-linux-gnu/gcc-bin/4.8.4 --includedir=/usr/lib/gcc/x86_64-pc-linux-gnu/4.8.4/include --datadir=/usr/share/gcc-data/x86_64-pc-linux-gnu/4.8.4 --mandir=/usr/share/gcc-data/x86_64-pc-linux-gnu/4.8.4/man --infodir=/usr/share/gcc-data/x86_64-pc-linux-gnu/4.8.4/info --with-gxx-include-dir=/usr/lib/gcc/x86_64-pc-linux-gnu/4.8.4/include/g++-v4 --with-python-dir=/share/gcc-data/x86_64-pc-linux-gnu/4.8.4/python --enable-languages=c,c++,fortran --enable-obsolete --enable-secureplt --disable-werror --with-system-zlib --enable-nls --without-included-gettext --enable-checking=release --with-bugurl=https://bugs.gentoo.org/ --with-pkgversion='Gentoo Hardened 4.8.4 p1.6, pie-0.6.1' --enable-esp --enable-libstdcxx-time --enable-shared --enable-threads=posix --enable-__cxa_atexit --enable-clocale=gnu --enable-multilib --with-multilib-list=m32,m64 --disable-altivec --disable-fixed-point --enable-targets=all --disable-libgcj --enable-libgomp --disable-libmudflap --disable-libssp --enable-lto --without-cloog --disable-libsanitizer
Thread model: posix
gcc version 4.8.4 (Gentoo Hardened 4.8.4 p1.6, pie-0.6.1) 
configure:1818: $? = 0
configure:1820: gcc -V </dev/null >&5
gcc: error: unrecognized command line option '-V'
gcc: fatal error: no input files
compilation terminated.
configure:1823: $? = 1
configure:1846: checking for C compiler default output file name
configure:1849: gcc    conftest.c  >&5
configure:1852: $? = 0
configure:1898: result: a.out
configure:1903: checking whether the C compiler works
configure:1909: ./a.out
configure:1912: $? = 0
configure:1929: result: yes
configure:1936: checking whether we are cross compiling
configure:1938: result: no
configure:1941: checking for suffix of executables
configure:1943: gcc -o conftest    conftest.c  >&5
configure:1946: $? = 0
configure:1971: result: 
configure:1977: checking for suffix of object files
configure:1998: gcc -c   conftest.c >&5
configure:2001: $? = 0
configure:2023: result: o
configure:2027: checking whether we are using the GNU C compiler
configure:2051: gcc -c   conftest.c >&5
configure:2057: $? = 0
configure:2061: test -z 
			 || test ! -s conftest.err
configure:2064: $? = 0
configure:2067: test -s conftest.o
configure:2070: $? = 0
configure:2083: result: yes
configure:2089: checking whether gcc accepts -g
configure:2110: gcc -c -g  conftest.c >&5
configure:2116: $? = 0
configure:2120: test -z 
			 || test ! -s conftest.err
configure:2123: $? = 0
configure:2126: test -s conftest.o
configure:2129: $? = 0
configure:2140: result: yes
configure:2157: checking for gcc option to accept ANSI C
configure:2227: gcc  -c -g -O2  conftest.c >&5
configure:2233: $? = 0
configure:2237: test -z 
			 || test ! -s conftest.err
configure:2240: $? = 0
configure:2243: test -s conftest.o
configure:2246: $? = 0
configure:2264: result: none needed
configure:2282: gcc -c -g -O2  conftest.c >&5
conftest.c:2:3: error: unknown type name 'choke'
   choke me
   ^
conftest.c:2:3: error: expected '=', ',', ';', 'asm' or '__attribute__' at end of input
configure:2288: $? = 1
configure: failed program was:
| #ifndef __cplusplus
|   choke me
| #endif
configure:2426: checking how to run the C preprocessor
configure:2461: gcc -E  conftest.c
configure:2467: $? = 0
configure:2499: gcc -E  conftest.c
conftest.c:9:28: fatal error: ac_nonexistent.h: No such file or directory
 #include <ac_nonexistent.h>
                            ^
compilation terminated.
configure:2505: $? = 1
configure: failed program was:
| /* confdefs.h.  */
| 
| #define PACKAGE_NAME ""
| #define PACKAGE_TARNAME ""
| #define PACKAGE_VERSION ""
| #define PACKAGE_STRING ""
| #define PACKAGE_BUGREPORT ""
| /* end confdefs.h.  */
| #include <ac_nonexistent.h>
configure:2544: result: gcc -E
configure:2568: gcc -E  conftest.c
configure:2574: $? = 0
configure:2606: gcc -E  conftest.c
conftest.c:9:28: fatal error: ac_nonexistent.h: No such file or directory
 #include <ac_nonexistent.h>
                            ^
compilation terminated.
configure:2612: $? = 1
configure: failed program was:
| /* confdefs.h.  */
| 
| #define PACKAGE_NAME ""
| #define PACKAGE_TARNAME ""
| #define PACKAGE_VERSION ""
| #define PACKAGE_STRING ""
| #define PACKAGE_BUGREPORT ""
| /* end confdefs.h.  */
| #include <ac_nonexistent.h>
configure:2696: checking for ranlib
configure:2712: found /usr/bin/ranlib
configure:2723: result: ranlib
configure:2735: checking whether make sets $(MAKE)
configure:2755: result: yes
configure:2765: result: 
configure:2767: result: [1mCHECK: Perl Language[m
configure:2770: checking for Perl language
configure:2798: result: /usr/bin/perl v5.020
configure:2943: checking for MakeMaker's private install paths
configure:2972: result: ok
configure:2998: result: 
configure:3000: result: [1mRESULT: Substituting Files[m
configure:3130: creating ./config.status

## ---------------------- ##
## Running config.status. ##
## ---------------------- ##

This file was extended by config.status, which was
generated by GNU Autoconf 2.59.  Invocation command line was

  CONFIG_FILES    = 
  CONFIG_HEADERS  = 
  CONFIG_LINKS    = 
  CONFIG_COMMANDS = 
  $ ./config.status 

on localhost

config.status:693: creating Makefile
config.status:693: creating wml_frontend/Makefile
config.status:693: creating wml_backend/Makefile
config.status:693: creating wml_backend/p1_ipp/Makefile
config.status:693: creating wml_backend/p5_divert/Makefile
config.status:693: creating wml_backend/p6_asubst/Makefile
config.status:693: creating wml_backend/p7_htmlfix/Makefile
config.status:693: creating wml_backend/p8_htmlstrip/Makefile
config.status:693: creating wml_backend/p9_slice/Makefile
config.status:693: creating wml_common/Makefile
config.status:693: creating wml_docs/Makefile
config.status:693: creating wml_aux/Makefile
config.status:693: creating wml_aux/htmlinfo/Makefile
config.status:693: creating wml_aux/htmlclean/Makefile
config.status:693: creating wml_aux/linklint/Makefile
config.status:693: creating wml_aux/map2html/Makefile
config.status:693: creating wml_aux/txt2html/Makefile
config.status:693: creating wml_aux/tidy/Makefile
config.status:693: creating wml_aux/weblint/Makefile
config.status:693: creating wml_aux/freetable/Makefile
config.status:693: creating wml_misc/Makefile
config.status:693: creating wml_include/Makefile
config.status:693: creating wml_test/Makefile
configure:4018: configuring in wml_backend/p2_mp4h
configure:4135: running /bin/sh './configure' --prefix=/usr/local  --with-tidy=/home/twim/wml-2.0.11/wml_aux/tidy/tidy --cache-file=/dev/null --srcdir=.
configure:4018: configuring in wml_backend/p3_eperl
configure:4135: running /bin/sh './configure' --prefix=/usr/local  --with-tidy=/home/twim/wml-2.0.11/wml_aux/tidy/tidy --cache-file=/dev/null --srcdir=.
configure:4018: configuring in wml_backend/p4_gm4
configure:4135: running /bin/sh './configure' --prefix=/usr/local  --with-tidy=/home/twim/wml-2.0.11/wml_aux/tidy/tidy --cache-file=/dev/null --srcdir=.
configure:4018: configuring in wml_aux/iselect
configure:4135: running /bin/sh './configure' --prefix=/usr/local  --with-tidy=/home/twim/wml-2.0.11/wml_aux/tidy/tidy --cache-file=/dev/null --srcdir=.
configure:4018: configuring in wml_common/gd
configure:4135: running /bin/sh './configure' --prefix=/usr/local  --with-tidy=/home/twim/wml-2.0.11/wml_aux/tidy/tidy --cache-file=/dev/null --srcdir=.

## ---------------- ##
## Cache variables. ##
## ---------------- ##

ac_cv_build=x86_64-unknown-linux-gnu
ac_cv_build_alias=x86_64-unknown-linux-gnu
ac_cv_c_compiler_gnu=yes
ac_cv_env_CC_set=
ac_cv_env_CC_value=
ac_cv_env_CFLAGS_set=
ac_cv_env_CFLAGS_value=
ac_cv_env_CPPFLAGS_set=
ac_cv_env_CPPFLAGS_value=
ac_cv_env_CPP_set=
ac_cv_env_CPP_value=
ac_cv_env_LDFLAGS_set=
ac_cv_env_LDFLAGS_value=
ac_cv_env_build_alias_set=
ac_cv_env_build_alias_value=
ac_cv_env_host_alias_set=
ac_cv_env_host_alias_value=
ac_cv_env_target_alias_set=
ac_cv_env_target_alias_value=
ac_cv_exeext=
ac_cv_host=x86_64-unknown-linux-gnu
ac_cv_host_alias=x86_64-unknown-linux-gnu
ac_cv_objext=o
ac_cv_prog_CPP='gcc -E'
ac_cv_prog_ac_ct_CC=gcc
ac_cv_prog_ac_ct_RANLIB=ranlib
ac_cv_prog_cc_g=yes
ac_cv_prog_cc_stdc=
ac_cv_prog_make_make_set=yes
ac_cv_target=x86_64-unknown-linux-gnu
ac_cv_target_alias=x86_64-unknown-linux-gnu

## ----------------- ##
## Output variables. ##
## ----------------- ##

CC='gcc'
CFLAGS='-g -O2'
CPP='gcc -E'
CPPFLAGS=''
DCOLON='::'
DEFS='-DPACKAGE_NAME=\"\" -DPACKAGE_TARNAME=\"\" -DPACKAGE_VERSION=\"\" -DPACKAGE_STRING=\"\" -DPACKAGE_BUGREPORT=\"\" '
ECHO_C=''
ECHO_N='-n'
ECHO_T=''
EXEEXT=''
INSTALLARCHLIB='$(libdir)/perl/lib/x86_64-linux'
INSTALLPRIVLIB='$(libdir)/perl/lib'
LDFLAGS=''
LIBOBJS=''
LIBS=''
LTLIBOBJS=''
MAINT=''
OBJEXT='o'
PACKAGE_BUGREPORT=''
PACKAGE_NAME=''
PACKAGE_STRING=''
PACKAGE_TARNAME=''
PACKAGE_VERSION=''
PATH_PERL='/usr/bin/perl'
PATH_SEPARATOR=':'
PERL_OPTS=''
RANLIB='ranlib'
SET_MAKE=''
SHELL='/bin/sh'
VERSION='2.0.11'
WML_CONFIG_ARGS=''
WML_VERSION='2.0.11 (19-Aug-2006)'
ac_ct_CC='gcc'
ac_ct_RANLIB='ranlib'
bindir='${exec_prefix}/bin'
build='x86_64-unknown-linux-gnu'
build_alias=''
build_cpu='x86_64'
build_os='linux-gnu'
build_vendor='unknown'
built_date='24-Jun-2015'
built_system='x86_64-whatever-linux-gnu3'
built_user='twim@localhost'
catdir='cat'
datadir='${prefix}/share'
exec_prefix='${prefix}'
have_bitvector='0'
have_filepathconvert='0'
have_getoptlong='0'
have_imagesize='0'
have_io='0'
have_termreadkey='0'
host='x86_64-unknown-linux-gnu'
host_alias=''
host_cpu='x86_64'
host_os='linux-gnu'
host_vendor='unknown'
includedir='${prefix}/include'
infodir='${prefix}/info'
libdir='${exec_prefix}/lib'
libexecdir='${exec_prefix}/libexec'
libsubdir='/wml'
localstatedir='${prefix}/var'
mandir='${prefix}/man'
oldincludedir='/usr/include'
perlprog='/usr/bin/perl'
perlvers='5.020'
prefix='/usr/local'
program_transform_name='s,x,x,'
sbindir='${exec_prefix}/sbin'
sharedstatedir='${prefix}/com'
subdirs=' wml_backend/p2_mp4h  wml_backend/p3_eperl wml_backend/p4_gm4 wml_aux/iselect wml_common/gd '
sysconfdir='${prefix}/etc'
target='x86_64-unknown-linux-gnu'
target_alias=''
target_cpu='x86_64'
target_os='linux-gnu'
target_vendor='unknown'
tmpdir='/tmp'

## ----------- ##
## confdefs.h. ##
## ----------- ##

#define PACKAGE_BUGREPORT ""
#define PACKAGE_NAME ""
#define PACKAGE_STRING ""
#define PACKAGE_TARNAME ""
#define PACKAGE_VERSION ""

configure: exit 0
