This file contains any messages produced by compilers while
running configure, to aid debugging if configure makes a mistake.

configure:551: checking for gcc
configure:664: checking whether the C compiler (gcc  ) works
configure:680: gcc -o conftest    conftest.c  1>&5
configure:706: checking whether the C compiler (gcc  ) is a cross-compiler
configure:711: checking whether we are using GNU C
configure:720: gcc -E conftest.c
configure:739: checking whether gcc accepts -g
configure:771: checking how to run the C preprocessor
configure:792: gcc -E  conftest.c >/dev/null 2>conftest.out
configure:852: checking for compilation debug mode
configure:872: checking whether make sets ${MAKE}
configure:905: checking for additional include dir
configure:919: checking for additional library dir
configure:934: checking for ncurses.h
configure:944: gcc -E  conftest.c >/dev/null 2>conftest.out
configure:967: checking for initscr in -lncurses
configure:986: gcc -o conftest -O2   conftest.c -lncurses   1>&5
configure:1009: checking for slcurses.h
configure:1019: gcc -E  conftest.c >/dev/null 2>conftest.out
configure:1015:22: fatal error: slcurses.h: No such file or directory
 #include <slcurses.h>
                      ^
compilation terminated.
configure: failed program was:
#line 1014 "configure"
#include "confdefs.h"
#include <slcurses.h>
configure:1044: checking for SLcurses_initscr in -lslang
configure:1063: gcc -o conftest -O2   conftest.c -lslang   -ltermcap 1>&5
/usr/lib/gcc/x86_64-pc-linux-gnu/4.8.4/../../../../x86_64-pc-linux-gnu/bin/ld: cannot find -lslang
/usr/lib/gcc/x86_64-pc-linux-gnu/4.8.4/../../../../x86_64-pc-linux-gnu/bin/ld: cannot find -ltermcap
collect2: error: ld returned 1 exit status
configure: failed program was:
#line 1052 "configure"
#include "confdefs.h"
/* Override any gcc2 internal prototype to avoid an error.  */
/* We use char because int might match the return type of a gcc2
    builtin and then its argument prototype would still apply.  */
char SLcurses_initscr();

int main() {
SLcurses_initscr()
; return 0; }
configure:1093: checking which Curses to use
configure:1123: checking for working const
configure:1177: gcc -c -O2  conftest.c 1>&5
configure:1198: checking for ANSI C header files
configure:1211: gcc -E  conftest.c >/dev/null 2>conftest.out
configure:1278: gcc -o conftest -O2   conftest.c  -lncurses 1>&5
configure: In function 'main':
configure:1273:67: warning: incompatible implicit declaration of built-in function 'exit' [enabled by default]
 if (XOR (islower (i), ISLOWER (i)) || toupper (i) != TOUPPER (i)) exit(2);
                                                                   ^
configure:1305: checking for stdio.h
configure:1315: gcc -E  conftest.c >/dev/null 2>conftest.out
configure:1305: checking for stddef.h
configure:1315: gcc -E  conftest.c >/dev/null 2>conftest.out
configure:1305: checking for string.h
configure:1315: gcc -E  conftest.c >/dev/null 2>conftest.out
configure:1305: checking for strings.h
configure:1315: gcc -E  conftest.c >/dev/null 2>conftest.out
configure:1305: checking for stdlib.h
configure:1315: gcc -E  conftest.c >/dev/null 2>conftest.out
