This file contains any messages produced by compilers while
running configure, to aid debugging if configure makes a mistake.

configure:557: checking for Perl language
configure:613: checking for Perl knowledge of system
configure:623: checking for Perl standard compiler
configure:636: checking for Perl standard optimization flags
configure:642: checking for Perl standard compilation flags
configure:652: checking for Perl standard link flags
configure:661: checking for Perl library files
configure:667: checking for Perl architecture directory
configure:673: checking for Perl dynamic loading support
configure:693: checking for Perl dynamic loading compilation flags
configure:703: checking for Perl dynamic loading link flags
configure:721: checking for build user
configure:727: checking for build time
configure:737: checking for gcc
configure:850: checking whether the C compiler (x86_64-pc-linux-gnu-gcc  ) works
configure:866: x86_64-pc-linux-gnu-gcc -o conftest    conftest.c  1>&5
configure:892: checking whether the C compiler (x86_64-pc-linux-gnu-gcc  ) is a cross-compiler
configure:897: checking whether we are using GNU C
configure:906: x86_64-pc-linux-gnu-gcc -E conftest.c
configure:925: checking whether x86_64-pc-linux-gnu-gcc accepts -g
configure:959: checking for ranlib
configure:987: checking for Cygwin environment
configure:1003: x86_64-pc-linux-gnu-gcc -c -g -O2  conftest.c 1>&5
configure: In function 'main':
configure:997:20: error: '__CYGWIN32__' undeclared (first use in this function)
 #define __CYGWIN__ __CYGWIN32__
                    ^
configure:999:8: note: in expansion of macro '__CYGWIN__'
 return __CYGWIN__;
        ^
configure:997:20: note: each undeclared identifier is reported only once for each function it appears in
 #define __CYGWIN__ __CYGWIN32__
                    ^
configure:999:8: note: in expansion of macro '__CYGWIN__'
 return __CYGWIN__;
        ^
configure: failed program was:
#line 992 "configure"
#include "confdefs.h"

int main() {

#ifndef __CYGWIN__
#define __CYGWIN__ __CYGWIN32__
#endif
return __CYGWIN__;
; return 0; }
configure:1020: checking for mingw32 environment
configure:1032: x86_64-pc-linux-gnu-gcc -c -g -O2  conftest.c 1>&5
configure: In function 'main':
configure:1028:8: error: '__MINGW32__' undeclared (first use in this function)
 return __MINGW32__;
        ^
configure:1028:8: note: each undeclared identifier is reported only once for each function it appears in
configure: failed program was:
#line 1025 "configure"
#include "confdefs.h"

int main() {
return __MINGW32__;
; return 0; }
configure:1051: checking for executable suffix
configure:1061: x86_64-pc-linux-gnu-gcc -o conftest -g -O2   conftest.c  1>&5
configure:1084: checking for ar
configure:1113: checking for size
configure:1144: checking for compilation debug mode
configure:1194: checking whether make sets ${MAKE}
configure:1226: checking for working const
configure:1280: x86_64-pc-linux-gnu-gcc -c   conftest.c 1>&5
configure:1301: checking how to run the C preprocessor
configure:1322: x86_64-pc-linux-gnu-gcc -E  conftest.c >/dev/null 2>conftest.out
configure:1381: checking for ANSI C header files
configure:1394: x86_64-pc-linux-gnu-gcc -E  conftest.c >/dev/null 2>conftest.out
configure:1461: x86_64-pc-linux-gnu-gcc -o conftest    conftest.c  1>&5
configure: In function 'main':
configure:1456:67: warning: incompatible implicit declaration of built-in function 'exit' [enabled by default]
 if (XOR (islower (i), ISLOWER (i)) || toupper (i) != TOUPPER (i)) exit(2);
                                                                   ^
configure:1488: checking for stdio.h
configure:1498: x86_64-pc-linux-gnu-gcc -E  conftest.c >/dev/null 2>conftest.out
configure:1488: checking for stdarg.h
configure:1498: x86_64-pc-linux-gnu-gcc -E  conftest.c >/dev/null 2>conftest.out
configure:1488: checking for stdlib.h
configure:1498: x86_64-pc-linux-gnu-gcc -E  conftest.c >/dev/null 2>conftest.out
configure:1488: checking for string.h
configure:1498: x86_64-pc-linux-gnu-gcc -E  conftest.c >/dev/null 2>conftest.out
configure:1488: checking for ctype.h
configure:1498: x86_64-pc-linux-gnu-gcc -E  conftest.c >/dev/null 2>conftest.out
configure:1488: checking for unistd.h
configure:1498: x86_64-pc-linux-gnu-gcc -E  conftest.c >/dev/null 2>conftest.out
configure:1488: checking for time.h
configure:1498: x86_64-pc-linux-gnu-gcc -E  conftest.c >/dev/null 2>conftest.out
configure:1488: checking for signal.h
configure:1498: x86_64-pc-linux-gnu-gcc -E  conftest.c >/dev/null 2>conftest.out
configure:1488: checking for pwd.h
configure:1498: x86_64-pc-linux-gnu-gcc -E  conftest.c >/dev/null 2>conftest.out
configure:1488: checking for grp.h
configure:1498: x86_64-pc-linux-gnu-gcc -E  conftest.c >/dev/null 2>conftest.out
configure:1488: checking for sys/types.h
configure:1498: x86_64-pc-linux-gnu-gcc -E  conftest.c >/dev/null 2>conftest.out
configure:1488: checking for sys/stat.h
configure:1498: x86_64-pc-linux-gnu-gcc -E  conftest.c >/dev/null 2>conftest.out
configure:1488: checking for sys/param.h
configure:1498: x86_64-pc-linux-gnu-gcc -E  conftest.c >/dev/null 2>conftest.out
configure:1488: checking for sys/socket.h
configure:1498: x86_64-pc-linux-gnu-gcc -E  conftest.c >/dev/null 2>conftest.out
configure:1488: checking for netinet/in.h
configure:1498: x86_64-pc-linux-gnu-gcc -E  conftest.c >/dev/null 2>conftest.out
configure:1488: checking for netdb.h
configure:1498: x86_64-pc-linux-gnu-gcc -E  conftest.c >/dev/null 2>conftest.out
configure:1525: checking for bool
configure:1560: checking for memmove
configure:1588: x86_64-pc-linux-gnu-gcc -o conftest    conftest.c  1>&5
configure:1572:6: warning: conflicting types for built-in function 'memmove' [enabled by default]
 char $ac_func();
      ^
configure:1615: checking for seteuid
configure:1643: x86_64-pc-linux-gnu-gcc -o conftest    conftest.c  1>&5
configure:1670: checking for setegid
configure:1698: x86_64-pc-linux-gnu-gcc -o conftest    conftest.c  1>&5
configure:1725: checking for strdup
configure:1753: x86_64-pc-linux-gnu-gcc -o conftest    conftest.c  1>&5
configure:1737:6: warning: conflicting types for built-in function 'strdup' [enabled by default]
 char $ac_func();
      ^
